{"code":"MODULE_NOT_FOUND","level":"error","message":"Uncaught Exception: Cannot find module './router/WapiRouter'\nRequire stack:\n- D:\\online_election\\server.js","requireStack":["D:\\online_election\\server.js"],"stack":"Error: Cannot find module './router/WapiRouter'\nRequire stack:\n- D:\\online_election\\server.js\n    at Module._resolveFilename (node:internal/modules/cjs/loader:1143:15)\n    at Module._load (node:internal/modules/cjs/loader:984:27)\n    at Module.require (node:internal/modules/cjs/loader:1231:19)\n    at require (node:internal/modules/helpers:179:18)\n    at Object.<anonymous> (D:\\online_election\\server.js:97:24)\n    at Module._compile (node:internal/modules/cjs/loader:1369:14)\n    at Module._extensions..js (node:internal/modules/cjs/loader:1427:10)\n    at Module.load (node:internal/modules/cjs/loader:1206:32)\n    at Module._load (node:internal/modules/cjs/loader:1022:12)\n    at Function.executeUserEntryPoint [as runMain] (node:internal/modules/run_main:135:12)\n    at node:internal/main/run_main_module:28:49","timestamp":"2025-11-14T09:46:51.564Z"}
{"code":"MODULE_NOT_FOUND","level":"error","message":"Uncaught Exception: Cannot find module '/helper/helper'\nRequire stack:\n- D:\\online_election\\router\\WdtlsRouter.js\n- D:\\online_election\\server.js","requireStack":["D:\\online_election\\router\\WdtlsRouter.js","D:\\online_election\\server.js"],"stack":"Error: Cannot find module '/helper/helper'\nRequire stack:\n- D:\\online_election\\router\\WdtlsRouter.js\n- D:\\online_election\\server.js\n    at Module._resolveFilename (node:internal/modules/cjs/loader:1143:15)\n    at Module._load (node:internal/modules/cjs/loader:984:27)\n    at Module.require (node:internal/modules/cjs/loader:1231:19)\n    at require (node:internal/modules/helpers:179:18)\n    at Object.<anonymous> (D:\\online_election\\router\\WdtlsRouter.js:18:12)\n    at Module._compile (node:internal/modules/cjs/loader:1369:14)\n    at Module._extensions..js (node:internal/modules/cjs/loader:1427:10)\n    at Module.load (node:internal/modules/cjs/loader:1206:32)\n    at Module._load (node:internal/modules/cjs/loader:1022:12)\n    at Module.require (node:internal/modules/cjs/loader:1231:19)\n    at require (node:internal/modules/helpers:179:18)\n    at Object.<anonymous> (D:\\online_election\\server.js:87:25)\n    at Module._compile (node:internal/modules/cjs/loader:1369:14)\n    at Module._extensions..js (node:internal/modules/cjs/loader:1427:10)\n    at Module.load (node:internal/modules/cjs/loader:1206:32)\n    at Module._load (node:internal/modules/cjs/loader:1022:12)","timestamp":"2025-11-14T12:32:19.442Z"}
{"code":"MODULE_NOT_FOUND","level":"error","message":"Uncaught Exception: Cannot find module '../helper/helper'\nRequire stack:\n- D:\\online_election\\router\\WdtlsRouter.js\n- D:\\online_election\\server.js","requireStack":["D:\\online_election\\router\\WdtlsRouter.js","D:\\online_election\\server.js"],"stack":"Error: Cannot find module '../helper/helper'\nRequire stack:\n- D:\\online_election\\router\\WdtlsRouter.js\n- D:\\online_election\\server.js\n    at Module._resolveFilename (node:internal/modules/cjs/loader:1143:15)\n    at Module._load (node:internal/modules/cjs/loader:984:27)\n    at Module.require (node:internal/modules/cjs/loader:1231:19)\n    at require (node:internal/modules/helpers:179:18)\n    at Object.<anonymous> (D:\\online_election\\router\\WdtlsRouter.js:18:12)\n    at Module._compile (node:internal/modules/cjs/loader:1369:14)\n    at Module._extensions..js (node:internal/modules/cjs/loader:1427:10)\n    at Module.load (node:internal/modules/cjs/loader:1206:32)\n    at Module._load (node:internal/modules/cjs/loader:1022:12)\n    at Module.require (node:internal/modules/cjs/loader:1231:19)\n    at require (node:internal/modules/helpers:179:18)\n    at Object.<anonymous> (D:\\online_election\\server.js:87:25)\n    at Module._compile (node:internal/modules/cjs/loader:1369:14)\n    at Module._extensions..js (node:internal/modules/cjs/loader:1427:10)\n    at Module.load (node:internal/modules/cjs/loader:1206:32)\n    at Module._load (node:internal/modules/cjs/loader:1022:12)","timestamp":"2025-11-14T12:32:30.841Z"}
{"code":"MODULE_NOT_FOUND","level":"error","message":"Uncaught Exception: Cannot find module '../helper/helper'\nRequire stack:\n- D:\\online_election\\router\\WdtlsRouter.js\n- D:\\online_election\\server.js","requireStack":["D:\\online_election\\router\\WdtlsRouter.js","D:\\online_election\\server.js"],"stack":"Error: Cannot find module '../helper/helper'\nRequire stack:\n- D:\\online_election\\router\\WdtlsRouter.js\n- D:\\online_election\\server.js\n    at Module._resolveFilename (node:internal/modules/cjs/loader:1143:15)\n    at Module._load (node:internal/modules/cjs/loader:984:27)\n    at Module.require (node:internal/modules/cjs/loader:1231:19)\n    at require (node:internal/modules/helpers:179:18)\n    at Object.<anonymous> (D:\\online_election\\router\\WdtlsRouter.js:18:12)\n    at Module._compile (node:internal/modules/cjs/loader:1369:14)\n    at Module._extensions..js (node:internal/modules/cjs/loader:1427:10)\n    at Module.load (node:internal/modules/cjs/loader:1206:32)\n    at Module._load (node:internal/modules/cjs/loader:1022:12)\n    at Module.require (node:internal/modules/cjs/loader:1231:19)\n    at require (node:internal/modules/helpers:179:18)\n    at Object.<anonymous> (D:\\online_election\\server.js:87:25)\n    at Module._compile (node:internal/modules/cjs/loader:1369:14)\n    at Module._extensions..js (node:internal/modules/cjs/loader:1427:10)\n    at Module.load (node:internal/modules/cjs/loader:1206:32)\n    at Module._load (node:internal/modules/cjs/loader:1022:12)","timestamp":"2025-11-14T12:32:33.605Z"}
{"code":"MODULE_NOT_FOUND","level":"error","message":"Uncaught Exception: Cannot find module '../helper/helper'\nRequire stack:\n- D:\\online_election\\router\\WdtlsRouter.js\n- D:\\online_election\\server.js","requireStack":["D:\\online_election\\router\\WdtlsRouter.js","D:\\online_election\\server.js"],"stack":"Error: Cannot find module '../helper/helper'\nRequire stack:\n- D:\\online_election\\router\\WdtlsRouter.js\n- D:\\online_election\\server.js\n    at Module._resolveFilename (node:internal/modules/cjs/loader:1143:15)\n    at Module._load (node:internal/modules/cjs/loader:984:27)\n    at Module.require (node:internal/modules/cjs/loader:1231:19)\n    at require (node:internal/modules/helpers:179:18)\n    at Object.<anonymous> (D:\\online_election\\router\\WdtlsRouter.js:18:12)\n    at Module._compile (node:internal/modules/cjs/loader:1369:14)\n    at Module._extensions..js (node:internal/modules/cjs/loader:1427:10)\n    at Module.load (node:internal/modules/cjs/loader:1206:32)\n    at Module._load (node:internal/modules/cjs/loader:1022:12)\n    at Module.require (node:internal/modules/cjs/loader:1231:19)\n    at require (node:internal/modules/helpers:179:18)\n    at Object.<anonymous> (D:\\online_election\\server.js:87:25)\n    at Module._compile (node:internal/modules/cjs/loader:1369:14)\n    at Module._extensions..js (node:internal/modules/cjs/loader:1427:10)\n    at Module.load (node:internal/modules/cjs/loader:1206:32)\n    at Module._load (node:internal/modules/cjs/loader:1022:12)","timestamp":"2025-11-14T12:32:37.463Z"}
{"code":"MODULE_NOT_FOUND","level":"error","message":"Uncaught Exception: Cannot find module '../helper/helper'\nRequire stack:\n- D:\\online_election\\router\\WdtlsRouter.js\n- D:\\online_election\\server.js","requireStack":["D:\\online_election\\router\\WdtlsRouter.js","D:\\online_election\\server.js"],"stack":"Error: Cannot find module '../helper/helper'\nRequire stack:\n- D:\\online_election\\router\\WdtlsRouter.js\n- D:\\online_election\\server.js\n    at Module._resolveFilename (node:internal/modules/cjs/loader:1143:15)\n    at Module._load (node:internal/modules/cjs/loader:984:27)\n    at Module.require (node:internal/modules/cjs/loader:1231:19)\n    at require (node:internal/modules/helpers:179:18)\n    at Object.<anonymous> (D:\\online_election\\router\\WdtlsRouter.js:18:12)\n    at Module._compile (node:internal/modules/cjs/loader:1369:14)\n    at Module._extensions..js (node:internal/modules/cjs/loader:1427:10)\n    at Module.load (node:internal/modules/cjs/loader:1206:32)\n    at Module._load (node:internal/modules/cjs/loader:1022:12)\n    at Module.require (node:internal/modules/cjs/loader:1231:19)\n    at require (node:internal/modules/helpers:179:18)\n    at Object.<anonymous> (D:\\online_election\\server.js:87:25)\n    at Module._compile (node:internal/modules/cjs/loader:1369:14)\n    at Module._extensions..js (node:internal/modules/cjs/loader:1427:10)\n    at Module.load (node:internal/modules/cjs/loader:1206:32)\n    at Module._load (node:internal/modules/cjs/loader:1022:12)","timestamp":"2025-11-14T12:33:05.633Z"}
{"code":"MODULE_NOT_FOUND","level":"error","message":"Uncaught Exception: Cannot find module '../helper/helper'\nRequire stack:\n- D:\\online_election\\router\\WdtlsRouter.js\n- D:\\online_election\\server.js","requireStack":["D:\\online_election\\router\\WdtlsRouter.js","D:\\online_election\\server.js"],"stack":"Error: Cannot find module '../helper/helper'\nRequire stack:\n- D:\\online_election\\router\\WdtlsRouter.js\n- D:\\online_election\\server.js\n    at Module._resolveFilename (node:internal/modules/cjs/loader:1143:15)\n    at Module._load (node:internal/modules/cjs/loader:984:27)\n    at Module.require (node:internal/modules/cjs/loader:1231:19)\n    at require (node:internal/modules/helpers:179:18)\n    at Object.<anonymous> (D:\\online_election\\router\\WdtlsRouter.js:18:38)\n    at Module._compile (node:internal/modules/cjs/loader:1369:14)\n    at Module._extensions..js (node:internal/modules/cjs/loader:1427:10)\n    at Module.load (node:internal/modules/cjs/loader:1206:32)\n    at Module._load (node:internal/modules/cjs/loader:1022:12)\n    at Module.require (node:internal/modules/cjs/loader:1231:19)\n    at require (node:internal/modules/helpers:179:18)\n    at Object.<anonymous> (D:\\online_election\\server.js:87:25)\n    at Module._compile (node:internal/modules/cjs/loader:1369:14)\n    at Module._extensions..js (node:internal/modules/cjs/loader:1427:10)\n    at Module.load (node:internal/modules/cjs/loader:1206:32)\n    at Module._load (node:internal/modules/cjs/loader:1022:12)","timestamp":"2025-11-14T12:33:20.638Z"}
{"code":"MODULE_NOT_FOUND","level":"error","message":"Uncaught Exception: Cannot find module '../helper/helper'\nRequire stack:\n- D:\\online_election\\router\\WdtlsRouter.js\n- D:\\online_election\\server.js","requireStack":["D:\\online_election\\router\\WdtlsRouter.js","D:\\online_election\\server.js"],"stack":"Error: Cannot find module '../helper/helper'\nRequire stack:\n- D:\\online_election\\router\\WdtlsRouter.js\n- D:\\online_election\\server.js\n    at Module._resolveFilename (node:internal/modules/cjs/loader:1143:15)\n    at Module._load (node:internal/modules/cjs/loader:984:27)\n    at Module.require (node:internal/modules/cjs/loader:1231:19)\n    at require (node:internal/modules/helpers:179:18)\n    at Object.<anonymous> (D:\\online_election\\router\\WdtlsRouter.js:18:38)\n    at Module._compile (node:internal/modules/cjs/loader:1369:14)\n    at Module._extensions..js (node:internal/modules/cjs/loader:1427:10)\n    at Module.load (node:internal/modules/cjs/loader:1206:32)\n    at Module._load (node:internal/modules/cjs/loader:1022:12)\n    at Module.require (node:internal/modules/cjs/loader:1231:19)\n    at require (node:internal/modules/helpers:179:18)\n    at Object.<anonymous> (D:\\online_election\\server.js:87:25)\n    at Module._compile (node:internal/modules/cjs/loader:1369:14)\n    at Module._extensions..js (node:internal/modules/cjs/loader:1427:10)\n    at Module.load (node:internal/modules/cjs/loader:1206:32)\n    at Module._load (node:internal/modules/cjs/loader:1022:12)","timestamp":"2025-11-14T12:34:09.014Z"}
{"code":"MODULE_NOT_FOUND","level":"error","message":"Uncaught Exception: Cannot find module '../helper/helper'\nRequire stack:\n- D:\\online_election\\router\\WdtlsRouter.js\n- D:\\online_election\\server.js","requireStack":["D:\\online_election\\router\\WdtlsRouter.js","D:\\online_election\\server.js"],"stack":"Error: Cannot find module '../helper/helper'\nRequire stack:\n- D:\\online_election\\router\\WdtlsRouter.js\n- D:\\online_election\\server.js\n    at Module._resolveFilename (node:internal/modules/cjs/loader:1143:15)\n    at Module._load (node:internal/modules/cjs/loader:984:27)\n    at Module.require (node:internal/modules/cjs/loader:1231:19)\n    at require (node:internal/modules/helpers:179:18)\n    at Object.<anonymous> (D:\\online_election\\router\\WdtlsRouter.js:18:38)\n    at Module._compile (node:internal/modules/cjs/loader:1369:14)\n    at Module._extensions..js (node:internal/modules/cjs/loader:1427:10)\n    at Module.load (node:internal/modules/cjs/loader:1206:32)\n    at Module._load (node:internal/modules/cjs/loader:1022:12)\n    at Module.require (node:internal/modules/cjs/loader:1231:19)\n    at require (node:internal/modules/helpers:179:18)\n    at Object.<anonymous> (D:\\online_election\\server.js:87:25)\n    at Module._compile (node:internal/modules/cjs/loader:1369:14)\n    at Module._extensions..js (node:internal/modules/cjs/loader:1427:10)\n    at Module.load (node:internal/modules/cjs/loader:1206:32)\n    at Module._load (node:internal/modules/cjs/loader:1022:12)","timestamp":"2025-11-14T12:34:50.682Z"}
{"code":"MODULE_NOT_FOUND","level":"error","message":"Uncaught Exception: Cannot find module '../helper/helper'\nRequire stack:\n- D:\\online_election\\router\\WdtlsRouter.js\n- D:\\online_election\\server.js","requireStack":["D:\\online_election\\router\\WdtlsRouter.js","D:\\online_election\\server.js"],"stack":"Error: Cannot find module '../helper/helper'\nRequire stack:\n- D:\\online_election\\router\\WdtlsRouter.js\n- D:\\online_election\\server.js\n    at Module._resolveFilename (node:internal/modules/cjs/loader:1143:15)\n    at Module._load (node:internal/modules/cjs/loader:984:27)\n    at Module.require (node:internal/modules/cjs/loader:1231:19)\n    at require (node:internal/modules/helpers:179:18)\n    at Object.<anonymous> (D:\\online_election\\router\\WdtlsRouter.js:18:38)\n    at Module._compile (node:internal/modules/cjs/loader:1369:14)\n    at Module._extensions..js (node:internal/modules/cjs/loader:1427:10)\n    at Module.load (node:internal/modules/cjs/loader:1206:32)\n    at Module._load (node:internal/modules/cjs/loader:1022:12)\n    at Module.require (node:internal/modules/cjs/loader:1231:19)\n    at require (node:internal/modules/helpers:179:18)\n    at Object.<anonymous> (D:\\online_election\\server.js:87:25)\n    at Module._compile (node:internal/modules/cjs/loader:1369:14)\n    at Module._extensions..js (node:internal/modules/cjs/loader:1427:10)\n    at Module.load (node:internal/modules/cjs/loader:1206:32)\n    at Module._load (node:internal/modules/cjs/loader:1022:12)","timestamp":"2025-11-14T12:36:39.905Z"}
{"code":"MODULE_NOT_FOUND","level":"error","message":"Uncaught Exception: Cannot find module '../helper/helper'\nRequire stack:\n- D:\\online_election\\router\\WdtlsRouter.js\n- D:\\online_election\\server.js","requireStack":["D:\\online_election\\router\\WdtlsRouter.js","D:\\online_election\\server.js"],"stack":"Error: Cannot find module '../helper/helper'\nRequire stack:\n- D:\\online_election\\router\\WdtlsRouter.js\n- D:\\online_election\\server.js\n    at Module._resolveFilename (node:internal/modules/cjs/loader:1143:15)\n    at Module._load (node:internal/modules/cjs/loader:984:27)\n    at Module.require (node:internal/modules/cjs/loader:1231:19)\n    at require (node:internal/modules/helpers:179:18)\n    at Object.<anonymous> (D:\\online_election\\router\\WdtlsRouter.js:18:38)\n    at Module._compile (node:internal/modules/cjs/loader:1369:14)\n    at Module._extensions..js (node:internal/modules/cjs/loader:1427:10)\n    at Module.load (node:internal/modules/cjs/loader:1206:32)\n    at Module._load (node:internal/modules/cjs/loader:1022:12)\n    at Module.require (node:internal/modules/cjs/loader:1231:19)\n    at require (node:internal/modules/helpers:179:18)\n    at Object.<anonymous> (D:\\online_election\\server.js:87:25)\n    at Module._compile (node:internal/modules/cjs/loader:1369:14)\n    at Module._extensions..js (node:internal/modules/cjs/loader:1427:10)\n    at Module.load (node:internal/modules/cjs/loader:1206:32)\n    at Module._load (node:internal/modules/cjs/loader:1022:12)","timestamp":"2025-11-14T12:40:01.496Z"}
{"level":"error","message":"Uncaught Exception: Cannot read properties of undefined (reading 'release')","stack":"TypeError: Cannot read properties of undefined (reading 'release')\n    at D:\\online_election\\db\\db.js:16:14\n    at D:\\online_election\\node_modules\\mysql2\\lib\\base\\pool.js:58:18\n    at PoolConnection.<anonymous> (D:\\online_election\\node_modules\\mysql2\\lib\\base\\connection.js:816:13)\n    at Object.onceWrapper (node:events:633:26)\n    at PoolConnection.emit (node:events:530:35)\n    at PoolConnection._notifyError (D:\\online_election\\node_modules\\mysql2\\lib\\base\\connection.js:247:12)\n    at PoolConnection._handleFatalError (D:\\online_election\\node_modules\\mysql2\\lib\\base\\connection.js:178:10)\n    at PoolConnection._handleNetworkError (D:\\online_election\\node_modules\\mysql2\\lib\\base\\connection.js:191:10)\n    at Socket.emit (node:events:518:28)\n    at emitErrorNT (node:internal/streams/destroy:169:8)\n    at emitErrorCloseNT (node:internal/streams/destroy:128:3)\n    at process.processTicksAndRejections (node:internal/process/task_queues:82:21)","timestamp":"2025-11-14T12:40:01.541Z"}
{"code":"PROTOCOL_CONNECTION_LOST","fatal":true,"level":"error","message":"Uncaught Exception: Connection lost: The server closed the connection.","stack":"Error: Connection lost: The server closed the connection.\n    at Socket.<anonymous> (D:\\online_election\\node_modules\\mysql2\\lib\\base\\connection.js:113:31)\n    at Socket.emit (node:events:518:28)\n    at TCP.<anonymous> (node:net:337:12)","timestamp":"2025-11-14T12:40:01.551Z"}
{"code":"MODULE_NOT_FOUND","level":"error","message":"Uncaught Exception: Cannot find module '../helper/helper'\nRequire stack:\n- D:\\online_election\\router\\WdtlsRouter.js\n- D:\\online_election\\server.js","requireStack":["D:\\online_election\\router\\WdtlsRouter.js","D:\\online_election\\server.js"],"stack":"Error: Cannot find module '../helper/helper'\nRequire stack:\n- D:\\online_election\\router\\WdtlsRouter.js\n- D:\\online_election\\server.js\n    at Module._resolveFilename (node:internal/modules/cjs/loader:1143:15)\n    at Module._load (node:internal/modules/cjs/loader:984:27)\n    at Module.require (node:internal/modules/cjs/loader:1231:19)\n    at require (node:internal/modules/helpers:179:18)\n    at Object.<anonymous> (D:\\online_election\\router\\WdtlsRouter.js:18:38)\n    at Module._compile (node:internal/modules/cjs/loader:1369:14)\n    at Module._extensions..js (node:internal/modules/cjs/loader:1427:10)\n    at Module.load (node:internal/modules/cjs/loader:1206:32)\n    at Module._load (node:internal/modules/cjs/loader:1022:12)\n    at Module.require (node:internal/modules/cjs/loader:1231:19)\n    at require (node:internal/modules/helpers:179:18)\n    at Object.<anonymous> (D:\\online_election\\server.js:87:25)\n    at Module._compile (node:internal/modules/cjs/loader:1369:14)\n    at Module._extensions..js (node:internal/modules/cjs/loader:1427:10)\n    at Module.load (node:internal/modules/cjs/loader:1206:32)\n    at Module._load (node:internal/modules/cjs/loader:1022:12)","timestamp":"2025-11-14T12:40:25.042Z"}
{"code":"MODULE_NOT_FOUND","level":"error","message":"Uncaught Exception: Cannot find module '../helper/helper'\nRequire stack:\n- D:\\online_election\\router\\WdtlsRouter.js\n- D:\\online_election\\server.js","requireStack":["D:\\online_election\\router\\WdtlsRouter.js","D:\\online_election\\server.js"],"stack":"Error: Cannot find module '../helper/helper'\nRequire stack:\n- D:\\online_election\\router\\WdtlsRouter.js\n- D:\\online_election\\server.js\n    at Module._resolveFilename (node:internal/modules/cjs/loader:1143:15)\n    at Module._load (node:internal/modules/cjs/loader:984:27)\n    at Module.require (node:internal/modules/cjs/loader:1231:19)\n    at require (node:internal/modules/helpers:179:18)\n    at Object.<anonymous> (D:\\online_election\\router\\WdtlsRouter.js:18:38)\n    at Module._compile (node:internal/modules/cjs/loader:1369:14)\n    at Module._extensions..js (node:internal/modules/cjs/loader:1427:10)\n    at Module.load (node:internal/modules/cjs/loader:1206:32)\n    at Module._load (node:internal/modules/cjs/loader:1022:12)\n    at Module.require (node:internal/modules/cjs/loader:1231:19)\n    at require (node:internal/modules/helpers:179:18)\n    at Object.<anonymous> (D:\\online_election\\server.js:87:25)\n    at Module._compile (node:internal/modules/cjs/loader:1369:14)\n    at Module._extensions..js (node:internal/modules/cjs/loader:1427:10)\n    at Module.load (node:internal/modules/cjs/loader:1206:32)\n    at Module._load (node:internal/modules/cjs/loader:1022:12)","timestamp":"2025-11-14T12:41:08.900Z"}
{"code":"MODULE_NOT_FOUND","level":"error","message":"Uncaught Exception: Cannot find module '../helper/helper'\nRequire stack:\n- D:\\online_election\\router\\WdtlsRouter.js\n- D:\\online_election\\server.js","requireStack":["D:\\online_election\\router\\WdtlsRouter.js","D:\\online_election\\server.js"],"stack":"Error: Cannot find module '../helper/helper'\nRequire stack:\n- D:\\online_election\\router\\WdtlsRouter.js\n- D:\\online_election\\server.js\n    at Module._resolveFilename (node:internal/modules/cjs/loader:1143:15)\n    at Module._load (node:internal/modules/cjs/loader:984:27)\n    at Module.require (node:internal/modules/cjs/loader:1231:19)\n    at require (node:internal/modules/helpers:179:18)\n    at Object.<anonymous> (D:\\online_election\\router\\WdtlsRouter.js:18:38)\n    at Module._compile (node:internal/modules/cjs/loader:1369:14)\n    at Module._extensions..js (node:internal/modules/cjs/loader:1427:10)\n    at Module.load (node:internal/modules/cjs/loader:1206:32)\n    at Module._load (node:internal/modules/cjs/loader:1022:12)\n    at Module.require (node:internal/modules/cjs/loader:1231:19)\n    at require (node:internal/modules/helpers:179:18)\n    at Object.<anonymous> (D:\\online_election\\server.js:87:25)\n    at Module._compile (node:internal/modules/cjs/loader:1369:14)\n    at Module._extensions..js (node:internal/modules/cjs/loader:1427:10)\n    at Module.load (node:internal/modules/cjs/loader:1206:32)\n    at Module._load (node:internal/modules/cjs/loader:1022:12)","timestamp":"2025-11-14T12:42:55.076Z"}
{"level":"error","message":"Unhandled Rejection at:","timestamp":"2025-11-17T06:11:23.814Z"}
{"level":"error","message":"Uncaught Exception: DashboardRouter is not defined","stack":"ReferenceError: DashboardRouter is not defined\n    at Object.<anonymous> (D:\\online_election\\router\\WdtlsRouter.js:1105:1)\n    at Module._compile (node:internal/modules/cjs/loader:1369:14)\n    at Module._extensions..js (node:internal/modules/cjs/loader:1427:10)\n    at Module.load (node:internal/modules/cjs/loader:1206:32)\n    at Module._load (node:internal/modules/cjs/loader:1022:12)\n    at Module.require (node:internal/modules/cjs/loader:1231:19)\n    at require (node:internal/modules/helpers:179:18)\n    at Object.<anonymous> (D:\\online_election\\server.js:87:25)\n    at Module._compile (node:internal/modules/cjs/loader:1369:14)\n    at Module._extensions..js (node:internal/modules/cjs/loader:1427:10)\n    at Module.load (node:internal/modules/cjs/loader:1206:32)\n    at Module._load (node:internal/modules/cjs/loader:1022:12)\n    at Function.executeUserEntryPoint [as runMain] (node:internal/modules/run_main:135:12)\n    at node:internal/main/run_main_module:28:49","timestamp":"2025-11-17T09:48:15.493Z"}
{"level":"error","message":"Uncaught Exception: DashboardRouter is not defined","stack":"ReferenceError: DashboardRouter is not defined\n    at Object.<anonymous> (D:\\online_election\\router\\WdtlsRouter.js:1105:1)\n    at Module._compile (node:internal/modules/cjs/loader:1369:14)\n    at Module._extensions..js (node:internal/modules/cjs/loader:1427:10)\n    at Module.load (node:internal/modules/cjs/loader:1206:32)\n    at Module._load (node:internal/modules/cjs/loader:1022:12)\n    at Module.require (node:internal/modules/cjs/loader:1231:19)\n    at require (node:internal/modules/helpers:179:18)\n    at Object.<anonymous> (D:\\online_election\\server.js:87:25)\n    at Module._compile (node:internal/modules/cjs/loader:1369:14)\n    at Module._extensions..js (node:internal/modules/cjs/loader:1427:10)\n    at Module.load (node:internal/modules/cjs/loader:1206:32)\n    at Module._load (node:internal/modules/cjs/loader:1022:12)\n    at Function.executeUserEntryPoint [as runMain] (node:internal/modules/run_main:135:12)\n    at node:internal/main/run_main_module:28:49","timestamp":"2025-11-17T09:48:22.525Z"}
{"code":"MODULE_NOT_FOUND","level":"error","message":"Uncaught Exception: Cannot find module './router/dashboardRouter'\nRequire stack:\n- D:\\online_election\\server.js","requireStack":["D:\\online_election\\server.js"],"stack":"Error: Cannot find module './router/dashboardRouter'\nRequire stack:\n- D:\\online_election\\server.js\n    at Module._resolveFilename (node:internal/modules/cjs/loader:1143:15)\n    at Module._load (node:internal/modules/cjs/loader:984:27)\n    at Module.require (node:internal/modules/cjs/loader:1231:19)\n    at require (node:internal/modules/helpers:179:18)\n    at Object.<anonymous> (D:\\online_election\\server.js:83:29)\n    at Module._compile (node:internal/modules/cjs/loader:1369:14)\n    at Module._extensions..js (node:internal/modules/cjs/loader:1427:10)\n    at Module.load (node:internal/modules/cjs/loader:1206:32)\n    at Module._load (node:internal/modules/cjs/loader:1022:12)\n    at Function.executeUserEntryPoint [as runMain] (node:internal/modules/run_main:135:12)","timestamp":"2025-11-17T09:48:38.507Z"}
{"code":"MODULE_NOT_FOUND","level":"error","message":"Uncaught Exception: Cannot find module './router/dashboardRouter'\nRequire stack:\n- D:\\online_election\\server.js","requireStack":["D:\\online_election\\server.js"],"stack":"Error: Cannot find module './router/dashboardRouter'\nRequire stack:\n- D:\\online_election\\server.js\n    at Module._resolveFilename (node:internal/modules/cjs/loader:1143:15)\n    at Module._load (node:internal/modules/cjs/loader:984:27)\n    at Module.require (node:internal/modules/cjs/loader:1231:19)\n    at require (node:internal/modules/helpers:179:18)\n    at Object.<anonymous> (D:\\online_election\\server.js:83:29)\n    at Module._compile (node:internal/modules/cjs/loader:1369:14)\n    at Module._extensions..js (node:internal/modules/cjs/loader:1427:10)\n    at Module.load (node:internal/modules/cjs/loader:1206:32)\n    at Module._load (node:internal/modules/cjs/loader:1022:12)\n    at Function.executeUserEntryPoint [as runMain] (node:internal/modules/run_main:135:12)","timestamp":"2025-11-17T09:49:30.877Z"}
{"level":"error","message":"Uncaught Exception: DashboardRouter is not defined","stack":"ReferenceError: DashboardRouter is not defined\n    at Object.<anonymous> (D:\\online_election\\router\\WdtlsRouter.js:1105:1)\n    at Module._compile (node:internal/modules/cjs/loader:1369:14)\n    at Module._extensions..js (node:internal/modules/cjs/loader:1427:10)\n    at Module.load (node:internal/modules/cjs/loader:1206:32)\n    at Module._load (node:internal/modules/cjs/loader:1022:12)\n    at Module.require (node:internal/modules/cjs/loader:1231:19)\n    at require (node:internal/modules/helpers:179:18)\n    at Object.<anonymous> (D:\\online_election\\server.js:87:25)\n    at Module._compile (node:internal/modules/cjs/loader:1369:14)\n    at Module._extensions..js (node:internal/modules/cjs/loader:1427:10)\n    at Module.load (node:internal/modules/cjs/loader:1206:32)\n    at Module._load (node:internal/modules/cjs/loader:1022:12)\n    at Function.executeUserEntryPoint [as runMain] (node:internal/modules/run_main:135:12)\n    at node:internal/main/run_main_module:28:49","timestamp":"2025-11-17T09:50:38.504Z"}
{"level":"error","message":"Uncaught Exception: DashboardRouter is not defined","stack":"ReferenceError: DashboardRouter is not defined\n    at Object.<anonymous> (D:\\online_election\\router\\WdtlsRouter.js:1105:1)\n    at Module._compile (node:internal/modules/cjs/loader:1369:14)\n    at Module._extensions..js (node:internal/modules/cjs/loader:1427:10)\n    at Module.load (node:internal/modules/cjs/loader:1206:32)\n    at Module._load (node:internal/modules/cjs/loader:1022:12)\n    at Module.require (node:internal/modules/cjs/loader:1231:19)\n    at require (node:internal/modules/helpers:179:18)\n    at Object.<anonymous> (D:\\online_election\\server.js:87:25)\n    at Module._compile (node:internal/modules/cjs/loader:1369:14)\n    at Module._extensions..js (node:internal/modules/cjs/loader:1427:10)\n    at Module.load (node:internal/modules/cjs/loader:1206:32)\n    at Module._load (node:internal/modules/cjs/loader:1022:12)\n    at Function.executeUserEntryPoint [as runMain] (node:internal/modules/run_main:135:12)\n    at node:internal/main/run_main_module:28:49","timestamp":"2025-11-17T09:50:57.846Z"}
{"level":"error","message":"Uncaught Exception: DashboardRouter is not defined","stack":"ReferenceError: DashboardRouter is not defined\n    at Object.<anonymous> (D:\\online_election\\router\\WdtlsRouter.js:1105:1)\n    at Module._compile (node:internal/modules/cjs/loader:1369:14)\n    at Module._extensions..js (node:internal/modules/cjs/loader:1427:10)\n    at Module.load (node:internal/modules/cjs/loader:1206:32)\n    at Module._load (node:internal/modules/cjs/loader:1022:12)\n    at Module.require (node:internal/modules/cjs/loader:1231:19)\n    at require (node:internal/modules/helpers:179:18)\n    at Object.<anonymous> (D:\\online_election\\server.js:87:25)\n    at Module._compile (node:internal/modules/cjs/loader:1369:14)\n    at Module._extensions..js (node:internal/modules/cjs/loader:1427:10)\n    at Module.load (node:internal/modules/cjs/loader:1206:32)\n    at Module._load (node:internal/modules/cjs/loader:1022:12)\n    at Function.executeUserEntryPoint [as runMain] (node:internal/modules/run_main:135:12)\n    at node:internal/main/run_main_module:28:49","timestamp":"2025-11-17T09:51:40.819Z"}
{"level":"error","message":"Uncaught Exception: DashboardRouter is not defined","stack":"ReferenceError: DashboardRouter is not defined\n    at Object.<anonymous> (D:\\online_election\\router\\WdtlsRouter.js:1105:1)\n    at Module._compile (node:internal/modules/cjs/loader:1369:14)\n    at Module._extensions..js (node:internal/modules/cjs/loader:1427:10)\n    at Module.load (node:internal/modules/cjs/loader:1206:32)\n    at Module._load (node:internal/modules/cjs/loader:1022:12)\n    at Module.require (node:internal/modules/cjs/loader:1231:19)\n    at require (node:internal/modules/helpers:179:18)\n    at Object.<anonymous> (D:\\online_election\\server.js:87:25)\n    at Module._compile (node:internal/modules/cjs/loader:1369:14)\n    at Module._extensions..js (node:internal/modules/cjs/loader:1427:10)\n    at Module.load (node:internal/modules/cjs/loader:1206:32)\n    at Module._load (node:internal/modules/cjs/loader:1022:12)\n    at Function.executeUserEntryPoint [as runMain] (node:internal/modules/run_main:135:12)\n    at node:internal/main/run_main_module:28:49","timestamp":"2025-11-17T09:52:03.552Z"}
{"level":"error","message":"Uncaught Exception: DashboardRouter is not defined","stack":"ReferenceError: DashboardRouter is not defined\n    at Object.<anonymous> (D:\\online_election\\router\\WdtlsRouter.js:1105:1)\n    at Module._compile (node:internal/modules/cjs/loader:1369:14)\n    at Module._extensions..js (node:internal/modules/cjs/loader:1427:10)\n    at Module.load (node:internal/modules/cjs/loader:1206:32)\n    at Module._load (node:internal/modules/cjs/loader:1022:12)\n    at Module.require (node:internal/modules/cjs/loader:1231:19)\n    at require (node:internal/modules/helpers:179:18)\n    at Object.<anonymous> (D:\\online_election\\server.js:87:25)\n    at Module._compile (node:internal/modules/cjs/loader:1369:14)\n    at Module._extensions..js (node:internal/modules/cjs/loader:1427:10)\n    at Module.load (node:internal/modules/cjs/loader:1206:32)\n    at Module._load (node:internal/modules/cjs/loader:1022:12)\n    at Function.executeUserEntryPoint [as runMain] (node:internal/modules/run_main:135:12)\n    at node:internal/main/run_main_module:28:49","timestamp":"2025-11-17T09:52:06.552Z"}
{"level":"error","message":"Uncaught Exception: DashboardRouter is not defined","stack":"ReferenceError: DashboardRouter is not defined\n    at Object.<anonymous> (D:\\online_election\\router\\WdtlsRouter.js:1105:1)\n    at Module._compile (node:internal/modules/cjs/loader:1369:14)\n    at Module._extensions..js (node:internal/modules/cjs/loader:1427:10)\n    at Module.load (node:internal/modules/cjs/loader:1206:32)\n    at Module._load (node:internal/modules/cjs/loader:1022:12)\n    at Module.require (node:internal/modules/cjs/loader:1231:19)\n    at require (node:internal/modules/helpers:179:18)\n    at Object.<anonymous> (D:\\online_election\\server.js:87:25)\n    at Module._compile (node:internal/modules/cjs/loader:1369:14)\n    at Module._extensions..js (node:internal/modules/cjs/loader:1427:10)\n    at Module.load (node:internal/modules/cjs/loader:1206:32)\n    at Module._load (node:internal/modules/cjs/loader:1022:12)\n    at Function.executeUserEntryPoint [as runMain] (node:internal/modules/run_main:135:12)\n    at node:internal/main/run_main_module:28:49","timestamp":"2025-11-17T09:53:14.027Z"}
{"level":"error","message":"Uncaught Exception: DashboardRouter is not defined","stack":"ReferenceError: DashboardRouter is not defined\n    at Object.<anonymous> (D:\\online_election\\router\\WdtlsRouter.js:1105:1)\n    at Module._compile (node:internal/modules/cjs/loader:1369:14)\n    at Module._extensions..js (node:internal/modules/cjs/loader:1427:10)\n    at Module.load (node:internal/modules/cjs/loader:1206:32)\n    at Module._load (node:internal/modules/cjs/loader:1022:12)\n    at Module.require (node:internal/modules/cjs/loader:1231:19)\n    at require (node:internal/modules/helpers:179:18)\n    at Object.<anonymous> (D:\\online_election\\server.js:87:25)\n    at Module._compile (node:internal/modules/cjs/loader:1369:14)\n    at Module._extensions..js (node:internal/modules/cjs/loader:1427:10)\n    at Module.load (node:internal/modules/cjs/loader:1206:32)\n    at Module._load (node:internal/modules/cjs/loader:1022:12)\n    at Function.executeUserEntryPoint [as runMain] (node:internal/modules/run_main:135:12)\n    at node:internal/main/run_main_module:28:49","timestamp":"2025-11-17T09:53:21.114Z"}
{"level":"error","message":"Uncaught Exception: DashboardRouter is not defined","stack":"ReferenceError: DashboardRouter is not defined\n    at Object.<anonymous> (D:\\online_election\\router\\WdtlsRouter.js:1105:1)\n    at Module._compile (node:internal/modules/cjs/loader:1369:14)\n    at Module._extensions..js (node:internal/modules/cjs/loader:1427:10)\n    at Module.load (node:internal/modules/cjs/loader:1206:32)\n    at Module._load (node:internal/modules/cjs/loader:1022:12)\n    at Module.require (node:internal/modules/cjs/loader:1231:19)\n    at require (node:internal/modules/helpers:179:18)\n    at Object.<anonymous> (D:\\online_election\\server.js:87:25)\n    at Module._compile (node:internal/modules/cjs/loader:1369:14)\n    at Module._extensions..js (node:internal/modules/cjs/loader:1427:10)\n    at Module.load (node:internal/modules/cjs/loader:1206:32)\n    at Module._load (node:internal/modules/cjs/loader:1022:12)\n    at Function.executeUserEntryPoint [as runMain] (node:internal/modules/run_main:135:12)\n    at node:internal/main/run_main_module:28:49","timestamp":"2025-11-17T09:54:58.513Z"}
{"level":"error","message":"Uncaught Exception: DashboardRouter is not defined","stack":"ReferenceError: DashboardRouter is not defined\n    at Object.<anonymous> (D:\\online_election\\router\\WdtlsRouter.js:1105:1)\n    at Module._compile (node:internal/modules/cjs/loader:1369:14)\n    at Module._extensions..js (node:internal/modules/cjs/loader:1427:10)\n    at Module.load (node:internal/modules/cjs/loader:1206:32)\n    at Module._load (node:internal/modules/cjs/loader:1022:12)\n    at Module.require (node:internal/modules/cjs/loader:1231:19)\n    at require (node:internal/modules/helpers:179:18)\n    at Object.<anonymous> (D:\\online_election\\server.js:87:25)\n    at Module._compile (node:internal/modules/cjs/loader:1369:14)\n    at Module._extensions..js (node:internal/modules/cjs/loader:1427:10)\n    at Module.load (node:internal/modules/cjs/loader:1206:32)\n    at Module._load (node:internal/modules/cjs/loader:1022:12)\n    at Function.executeUserEntryPoint [as runMain] (node:internal/modules/run_main:135:12)\n    at node:internal/main/run_main_module:28:49","timestamp":"2025-11-17T09:55:05.213Z"}
{"level":"error","message":"Uncaught Exception: DashboardRouter is not defined","stack":"ReferenceError: DashboardRouter is not defined\n    at Object.<anonymous> (D:\\online_election\\router\\WdtlsRouter.js:1105:1)\n    at Module._compile (node:internal/modules/cjs/loader:1369:14)\n    at Module._extensions..js (node:internal/modules/cjs/loader:1427:10)\n    at Module.load (node:internal/modules/cjs/loader:1206:32)\n    at Module._load (node:internal/modules/cjs/loader:1022:12)\n    at Module.require (node:internal/modules/cjs/loader:1231:19)\n    at require (node:internal/modules/helpers:179:18)\n    at Object.<anonymous> (D:\\online_election\\server.js:87:25)\n    at Module._compile (node:internal/modules/cjs/loader:1369:14)\n    at Module._extensions..js (node:internal/modules/cjs/loader:1427:10)\n    at Module.load (node:internal/modules/cjs/loader:1206:32)\n    at Module._load (node:internal/modules/cjs/loader:1022:12)\n    at Function.executeUserEntryPoint [as runMain] (node:internal/modules/run_main:135:12)\n    at node:internal/main/run_main_module:28:49","timestamp":"2025-11-17T09:57:55.718Z"}
